<?xml version="1.0" encoding="UTF-8"?>
<!-- Generated by org.testng.reporters.JUnitReportReporter -->
<testsuite skipped="1" hostname="microsoft" name="com.w2a.testcases.LoginTest" tests="1" failures="0" timestamp="31 Mar 2021 08:42:13 GMT" time="0.000" errors="0">
  <testcase name="loginTest" time="0.000" classname="com.w2a.testcases.LoginTest">
    <skipped/>
  </testcase> <!-- loginTest -->
</testsuite> <!-- com.w2a.testcases.LoginTest -->
